<?xml version="1.0" encoding="UTF-8"?>
<!-- Generated by org.testng.reporters.JUnitXMLReporter -->
<testsuite ignored="0" hostname="LAPTOP-TBQBESHO" failures="2" tests="2" name="SmokeTests" time="0.31" errors="0" timestamp="2025-09-26T20:23:49 IST">
  <testcase classname="testCase.TC01_Register" name="verifyuserRegistration" time="0.02">
    <failure type="java.lang.NullPointerException" message="Cannot invoke &amp;quot;org.apache.logging.log4j.Logger.info(String)&amp;quot; because &amp;quot;testCase.TC01_Register.logger&amp;quot; is null">
      <![CDATA[java.lang.NullPointerException: Cannot invoke "org.apache.logging.log4j.Logger.info(String)" because "testCase.TC01_Register.logger" is null
at testCase.TC01_Register.verifyuserRegistration(TC01_Register.java:41)
at java.base/java.util.ArrayList.forEach(ArrayList.java:1596)
... Removed 25 stack frames]]>
    </failure>
  </testcase> <!-- verifyuserRegistration -->
  <testcase classname="testCase.TC02_login" name="verifyLogin" time="0.003">
    <failure type="java.lang.NullPointerException" message="Cannot invoke &amp;quot;org.apache.logging.log4j.Logger.info(String)&amp;quot; because &amp;quot;testCase.TC02_login.logger&amp;quot; is null">
      <![CDATA[java.lang.NullPointerException: Cannot invoke "org.apache.logging.log4j.Logger.info(String)" because "testCase.TC02_login.logger" is null
at testCase.TC02_login.verifyLogin(TC02_login.java:16)
at java.base/java.util.ArrayList.forEach(ArrayList.java:1596)
... Removed 25 stack frames]]>
    </failure>
  </testcase> <!-- verifyLogin -->
</testsuite> <!-- SmokeTests -->
